# JRE version: 7.0_06
# Java VM: OpenJDK Server VM (23.2-b09 mixed mode linux-x86 )
Heap
 PSYoungGen      total 35584K, used 28151K [0x9e1c0000, 0xa2960000, 0xb3710000)
  eden space 32896K, 77% used [0x9e1c0000,0x9fa9e660,0xa01e0000)
  from space 2688K, 99% used [0xa01e0000,0xa047f6b0,0xa0480000)
  to   space 3776K, 0% used [0xa25b0000,0xa25b0000,0xa2960000)
 ParOldGen       total 43712K, used 2185K [0x73710000, 0x761c0000, 0x9e1c0000)
  object space 43712K, 4% used [0x73710000,0x73932520,0x761c0000)
 PSPermGen       total 16384K, used 11370K [0x6b710000, 0x6c710000, 0x73710000)
  object space 16384K, 69% used [0x6b710000,0x6c22aa28,0x6c710000)
GC Heap History (10 events):
Event: 0.720 GC heap before
{Heap before GC invocations=1 (full 0):
 PSYoungGen      total 19136K, used 16448K [0x9e1c0000, 0x9f710000, 0xb3710000)
  eden space 16448K, 100% used [0x9e1c0000,0x9f1d0000,0x9f1d0000)
  from space 2688K, 0% used [0x9f470000,0x9f470000,0x9f710000)
  to   space 2688K, 0% used [0x9f1d0000,0x9f1d0000,0x9f470000)
 ParOldGen       total 43712K, used 0K [0x73710000, 0x761c0000, 0x9e1c0000)
  object space 43712K, 0% used [0x73710000,0x73710000,0x761c0000)
 PSPermGen       total 16384K, used 5950K [0x6b710000, 0x6c710000, 0x73710000)
  object space 16384K, 36% used [0x6b710000,0x6bcdf8d0,0x6c710000)
Event: 0.727 GC heap after
Heap after GC invocations=1 (full 0):
 PSYoungGen      total 19136K, used 2557K [0x9e1c0000, 0x9f710000, 0xb3710000)
  eden space 16448K, 0% used [0x9e1c0000,0x9e1c0000,0x9f1d0000)
  from space 2688K, 95% used [0x9f1d0000,0x9f44f6d0,0x9f470000)
  to   space 2688K, 0% used [0x9f470000,0x9f470000,0x9f710000)
 ParOldGen       total 43712K, used 68K [0x73710000, 0x761c0000, 0x9e1c0000)
  object space 43712K, 0% used [0x73710000,0x73721010,0x761c0000)
 PSPermGen       total 16384K, used 5950K [0x6b710000, 0x6c710000, 0x73710000)
  object space 16384K, 36% used [0x6b710000,0x6bcdf8d0,0x6c710000)
}
Event: 1.295 GC heap before
{Heap before GC invocations=2 (full 0):
 PSYoungGen      total 19136K, used 19005K [0x9e1c0000, 0x9f710000, 0xb3710000)
  eden space 16448K, 100% used [0x9e1c0000,0x9f1d0000,0x9f1d0000)
  from space 2688K, 95% used [0x9f1d0000,0x9f44f6d0,0x9f470000)
  to   space 2688K, 0% used [0x9f470000,0x9f470000,0x9f710000)
 ParOldGen       total 43712K, used 68K [0x73710000, 0x761c0000, 0x9e1c0000)
  object space 43712K, 0% used [0x73710000,0x73721010,0x761c0000)
 PSPermGen       total 16384K, used 8723K [0x6b710000, 0x6c710000, 0x73710000)
  object space 16384K, 53% used [0x6b710000,0x6bf94d80,0x6c710000)
Event: 1.302 GC heap after
Heap after GC invocations=2 (full 0):
 PSYoungGen      total 19136K, used 2680K [0x9e1c0000, 0xa0720000, 0xb3710000)
  eden space 16448K, 0% used [0x9e1c0000,0x9e1c0000,0x9f1d0000)
  from space 2688K, 99% used [0x9f470000,0x9f70e1f8,0x9f710000)
  to   space 2688K, 0% used [0x9f1d0000,0x9f1d0000,0x9f470000)
 ParOldGen       total 43712K, used 444K [0x73710000, 0x761c0000, 0x9e1c0000)
  object space 43712K, 1% used [0x73710000,0x7377f3c8,0x761c0000)
 PSPermGen       total 16384K, used 8723K [0x6b710000, 0x6c710000, 0x73710000)
  object space 16384K, 53% used [0x6b710000,0x6bf94d80,0x6c710000)
}
Event: 1.733 GC heap before
{Heap before GC invocations=3 (full 0):
 PSYoungGen      total 19136K, used 19128K [0x9e1c0000, 0xa0720000, 0xb3710000)
  eden space 16448K, 100% used [0x9e1c0000,0x9f1d0000,0x9f1d0000)
  from space 2688K, 99% used [0x9f470000,0x9f70e1f8,0x9f710000)
  to   space 2688K, 0% used [0x9f1d0000,0x9f1d0000,0x9f470000)
 ParOldGen       total 43712K, used 444K [0x73710000, 0x761c0000, 0x9e1c0000)
  object space 43712K, 1% used [0x73710000,0x7377f3c8,0x761c0000)
 PSPermGen       total 16384K, used 10478K [0x6b710000, 0x6c710000, 0x73710000)
  object space 16384K, 63% used [0x6b710000,0x6c14bbf8,0x6c710000)
Event: 1.740 GC heap after
Heap after GC invocations=3 (full 0):
 PSYoungGen      total 19136K, used 2680K [0x9e1c0000, 0xa0720000, 0xb3710000)
  eden space 16448K, 0% used [0x9e1c0000,0x9e1c0000,0x9f1d0000)
  from space 2688K, 99% used [0x9f1d0000,0x9f46e038,0x9f470000)
  to   space 2688K, 0% used [0xa0480000,0xa0480000,0xa0720000)
 ParOldGen       total 43712K, used 1134K [0x73710000, 0x761c0000, 0x9e1c0000)
  object space 43712K, 2% used [0x73710000,0x7382bb00,0x761c0000)
 PSPermGen       total 16384K, used 10478K [0x6b710000, 0x6c710000, 0x73710000)
  object space 16384K, 63% used [0x6b710000,0x6c14bbf8,0x6c710000)
}
Event: 2.115 GC heap before
{Heap before GC invocations=4 (full 0):
 PSYoungGen      total 19136K, used 19128K [0x9e1c0000, 0xa0720000, 0xb3710000)
  eden space 16448K, 100% used [0x9e1c0000,0x9f1d0000,0x9f1d0000)
  from space 2688K, 99% used [0x9f1d0000,0x9f46e038,0x9f470000)
  to   space 2688K, 0% used [0xa0480000,0xa0480000,0xa0720000)
 ParOldGen       total 43712K, used 1134K [0x73710000, 0x761c0000, 0x9e1c0000)
  object space 43712K, 2% used [0x73710000,0x7382bb00,0x761c0000)
 PSPermGen       total 16384K, used 10789K [0x6b710000, 0x6c710000, 0x73710000)
  object space 16384K, 65% used [0x6b710000,0x6c199558,0x6c710000)
Event: 2.135 GC heap after
Heap after GC invocations=4 (full 0):
 PSYoungGen      total 35584K, used 2678K [0x9e1c0000, 0xa0720000, 0xb3710000)
  eden space 32896K, 0% used [0x9e1c0000,0x9e1c0000,0xa01e0000)
  from space 2688K, 99% used [0xa0480000,0xa071d928,0xa0720000)
  to   space 2688K, 0% used [0xa01e0000,0xa01e0000,0xa0480000)
 ParOldGen       total 43712K, used 1946K [0x73710000, 0x761c0000, 0x9e1c0000)
  object space 43712K, 4% used [0x73710000,0x738f6ba8,0x761c0000)
 PSPermGen       total 16384K, used 10789K [0x6b710000, 0x6c710000, 0x73710000)
  object space 16384K, 65% used [0x6b710000,0x6c199558,0x6c710000)
}
Event: 2.734 GC heap before
{Heap before GC invocations=5 (full 0):
 PSYoungGen      total 35584K, used 35574K [0x9e1c0000, 0xa0720000, 0xb3710000)
  eden space 32896K, 100% used [0x9e1c0000,0xa01e0000,0xa01e0000)
  from space 2688K, 99% used [0xa0480000,0xa071d928,0xa0720000)
  to   space 2688K, 0% used [0xa01e0000,0xa01e0000,0xa0480000)
 ParOldGen       total 43712K, used 1946K [0x73710000, 0x761c0000, 0x9e1c0000)
  object space 43712K, 4% used [0x73710000,0x738f6ba8,0x761c0000)
 PSPermGen       total 16384K, used 11316K [0x6b710000, 0x6c710000, 0x73710000)
  object space 16384K, 69% used [0x6b710000,0x6c21d3f0,0x6c710000)
Event: 2.743 GC heap after
Heap after GC invocations=5 (full 0):
 PSYoungGen      total 35584K, used 2685K [0x9e1c0000, 0xa2960000, 0xb3710000)
  eden space 32896K, 0% used [0x9e1c0000,0x9e1c0000,0xa01e0000)
  from space 2688K, 99% used [0xa01e0000,0xa047f6b0,0xa0480000)
  to   space 3776K, 0% used [0xa25b0000,0xa25b0000,0xa2960000)
 ParOldGen       total 43712K, used 2185K [0x73710000, 0x761c0000, 0x9e1c0000)
  object space 43712K, 4% used [0x73710000,0x73932520,0x761c0000)
 PSPermGen       total 16384K, used 11316K [0x6b710000, 0x6c710000, 0x73710000)
  object space 16384K, 69% used [0x6b710000,0x6c21d3f0,0x6c710000)
}

