# JRE version: 7.0_06
# Java VM: OpenJDK Server VM (23.2-b09 mixed mode linux-x86 )
Heap
 PSYoungGen      total 135360K, used 107164K [0x9dfa0000, 0xa6780000, 0xb34f0000)
  eden space 131584K, 78% used [0x9dfa0000,0xa451c3d8,0xa6020000)
  from space 3776K, 85% used [0xa63d0000,0xa66facc0,0xa6780000)
  to   space 3776K, 0% used [0xa6020000,0xa6020000,0xa63d0000)
 ParOldGen       total 43712K, used 4573K [0x734f0000, 0x75fa0000, 0x9dfa0000)
  object space 43712K, 10% used [0x734f0000,0x73967748,0x75fa0000)
 PSPermGen       total 16384K, used 12086K [0x6b4f0000, 0x6c4f0000, 0x734f0000)
  object space 16384K, 73% used [0x6b4f0000,0x6c0bdbb0,0x6c4f0000)
GC Heap History (10 events):
Event: 36.759 GC heap before
{Heap before GC invocations=4 (full 0):
 PSYoungGen      total 19136K, used 19127K [0x9dfa0000, 0xa0500000, 0xb34f0000)
  eden space 16448K, 100% used [0x9dfa0000,0x9efb0000,0x9efb0000)
  from space 2688K, 99% used [0x9efb0000,0x9f24dd30,0x9f250000)
  to   space 2688K, 0% used [0xa0260000,0xa0260000,0xa0500000)
 ParOldGen       total 43712K, used 1306K [0x734f0000, 0x75fa0000, 0x9dfa0000)
  object space 43712K, 2% used [0x734f0000,0x73636bb8,0x75fa0000)
 PSPermGen       total 16384K, used 11283K [0x6b4f0000, 0x6c4f0000, 0x734f0000)
  object space 16384K, 68% used [0x6b4f0000,0x6bff4ec8,0x6c4f0000)
Event: 36.768 GC heap after
Heap after GC invocations=4 (full 0):
 PSYoungGen      total 35584K, used 2675K [0x9dfa0000, 0xa0500000, 0xb34f0000)
  eden space 32896K, 0% used [0x9dfa0000,0x9dfa0000,0x9ffc0000)
  from space 2688K, 99% used [0xa0260000,0xa04fce30,0xa0500000)
  to   space 2688K, 0% used [0x9ffc0000,0x9ffc0000,0xa0260000)
 ParOldGen       total 43712K, used 1783K [0x734f0000, 0x75fa0000, 0x9dfa0000)
  object space 43712K, 4% used [0x734f0000,0x736adcd8,0x75fa0000)
 PSPermGen       total 16384K, used 11283K [0x6b4f0000, 0x6c4f0000, 0x734f0000)
  object space 16384K, 68% used [0x6b4f0000,0x6bff4ec8,0x6c4f0000)
}
Event: 37.259 GC heap before
{Heap before GC invocations=5 (full 0):
 PSYoungGen      total 35584K, used 35571K [0x9dfa0000, 0xa0500000, 0xb34f0000)
  eden space 32896K, 100% used [0x9dfa0000,0x9ffc0000,0x9ffc0000)
  from space 2688K, 99% used [0xa0260000,0xa04fce30,0xa0500000)
  to   space 2688K, 0% used [0x9ffc0000,0x9ffc0000,0xa0260000)
 ParOldGen       total 43712K, used 1783K [0x734f0000, 0x75fa0000, 0x9dfa0000)
  object space 43712K, 4% used [0x734f0000,0x736adcd8,0x75fa0000)
 PSPermGen       total 16384K, used 11755K [0x6b4f0000, 0x6c4f0000, 0x734f0000)
  object space 16384K, 71% used [0x6b4f0000,0x6c06ac30,0x6c4f0000)
Event: 37.269 GC heap after
Heap after GC invocations=5 (full 0):
 PSYoungGen      total 35584K, used 2677K [0x9dfa0000, 0xa2740000, 0xb34f0000)
  eden space 32896K, 0% used [0x9dfa0000,0x9dfa0000,0x9ffc0000)
  from space 2688K, 99% used [0x9ffc0000,0xa025d6b0,0xa0260000)
  to   space 3776K, 0% used [0xa2390000,0xa2390000,0xa2740000)
 ParOldGen       total 43712K, used 2465K [0x734f0000, 0x75fa0000, 0x9dfa0000)
  object space 43712K, 5% used [0x734f0000,0x737586f8,0x75fa0000)
 PSPermGen       total 16384K, used 11755K [0x6b4f0000, 0x6c4f0000, 0x734f0000)
  object space 16384K, 71% used [0x6b4f0000,0x6c06ac30,0x6c4f0000)
}
Event: 37.596 GC heap before
{Heap before GC invocations=6 (full 0):
 PSYoungGen      total 35584K, used 35573K [0x9dfa0000, 0xa2740000, 0xb34f0000)
  eden space 32896K, 100% used [0x9dfa0000,0x9ffc0000,0x9ffc0000)
  from space 2688K, 99% used [0x9ffc0000,0xa025d6b0,0xa0260000)
  to   space 3776K, 0% used [0xa2390000,0xa2390000,0xa2740000)
 ParOldGen       total 43712K, used 2465K [0x734f0000, 0x75fa0000, 0x9dfa0000)
  object space 43712K, 5% used [0x734f0000,0x737586f8,0x75fa0000)
 PSPermGen       total 16384K, used 11808K [0x6b4f0000, 0x6c4f0000, 0x734f0000)
  object space 16384K, 72% used [0x6b4f0000,0x6c0780c0,0x6c4f0000)
Event: 37.605 GC heap after
Heap after GC invocations=6 (full 0):
 PSYoungGen      total 69568K, used 3269K [0x9dfa0000, 0xa2740000, 0xb34f0000)
  eden space 65792K, 0% used [0x9dfa0000,0x9dfa0000,0xa1fe0000)
  from space 3776K, 86% used [0xa2390000,0xa26c14a0,0xa2740000)
  to   space 3776K, 0% used [0xa1fe0000,0xa1fe0000,0xa2390000)
 ParOldGen       total 43712K, used 2469K [0x734f0000, 0x75fa0000, 0x9dfa0000)
  object space 43712K, 5% used [0x734f0000,0x737596f8,0x75fa0000)
 PSPermGen       total 16384K, used 11808K [0x6b4f0000, 0x6c4f0000, 0x734f0000)
  object space 16384K, 72% used [0x6b4f0000,0x6c0780c0,0x6c4f0000)
}
Event: 38.170 GC heap before
{Heap before GC invocations=7 (full 0):
 PSYoungGen      total 69568K, used 69061K [0x9dfa0000, 0xa2740000, 0xb34f0000)
  eden space 65792K, 100% used [0x9dfa0000,0xa1fe0000,0xa1fe0000)
  from space 3776K, 86% used [0xa2390000,0xa26c14a0,0xa2740000)
  to   space 3776K, 0% used [0xa1fe0000,0xa1fe0000,0xa2390000)
 ParOldGen       total 43712K, used 2469K [0x734f0000, 0x75fa0000, 0x9dfa0000)
  object space 43712K, 5% used [0x734f0000,0x737596f8,0x75fa0000)
 PSPermGen       total 16384K, used 11916K [0x6b4f0000, 0x6c4f0000, 0x734f0000)
  object space 16384K, 72% used [0x6b4f0000,0x6c093188,0x6c4f0000)
Event: 38.183 GC heap after
Heap after GC invocations=7 (full 0):
 PSYoungGen      total 69568K, used 2781K [0x9dfa0000, 0xa6780000, 0xb34f0000)
  eden space 65792K, 0% used [0x9dfa0000,0x9dfa0000,0xa1fe0000)
  from space 3776K, 73% used [0xa1fe0000,0xa2297660,0xa2390000)
  to   space 3776K, 0% used [0xa63d0000,0xa63d0000,0xa6780000)
 ParOldGen       total 43712K, used 3948K [0x734f0000, 0x75fa0000, 0x9dfa0000)
  object space 43712K, 9% used [0x734f0000,0x738cb090,0x75fa0000)
 PSPermGen       total 16384K, used 11916K [0x6b4f0000, 0x6c4f0000, 0x734f0000)
  object space 16384K, 72% used [0x6b4f0000,0x6c093188,0x6c4f0000)
}
Event: 38.696 GC heap before
{Heap before GC invocations=8 (full 0):
 PSYoungGen      total 69568K, used 68573K [0x9dfa0000, 0xa6780000, 0xb34f0000)
  eden space 65792K, 100% used [0x9dfa0000,0xa1fe0000,0xa1fe0000)
  from space 3776K, 73% used [0xa1fe0000,0xa2297660,0xa2390000)
  to   space 3776K, 0% used [0xa63d0000,0xa63d0000,0xa6780000)
 ParOldGen       total 43712K, used 3948K [0x734f0000, 0x75fa0000, 0x9dfa0000)
  object space 43712K, 9% used [0x734f0000,0x738cb090,0x75fa0000)
 PSPermGen       total 16384K, used 11969K [0x6b4f0000, 0x6c4f0000, 0x734f0000)
  object space 16384K, 73% used [0x6b4f0000,0x6c0a06c8,0x6c4f0000)
Event: 38.708 GC heap after
Heap after GC invocations=8 (full 0):
 PSYoungGen      total 135360K, used 3243K [0x9dfa0000, 0xa6780000, 0xb34f0000)
  eden space 131584K, 0% used [0x9dfa0000,0x9dfa0000,0xa6020000)
  from space 3776K, 85% used [0xa63d0000,0xa66facc0,0xa6780000)
  to   space 3776K, 0% used [0xa6020000,0xa6020000,0xa63d0000)
 ParOldGen       total 43712K, used 4573K [0x734f0000, 0x75fa0000, 0x9dfa0000)
  object space 43712K, 10% used [0x734f0000,0x73967748,0x75fa0000)
 PSPermGen       total 16384K, used 11969K [0x6b4f0000, 0x6c4f0000, 0x734f0000)
  object space 16384K, 73% used [0x6b4f0000,0x6c0a06c8,0x6c4f0000)
}

