# JRE version: 7.0_06
# Java VM: OpenJDK Server VM (23.2-b09 mixed mode linux-x86 )
Heap
 PSYoungGen      total 35584K, used 27229K [0x9e1c0000, 0xa2740000, 0xb3710000)
  eden space 32896K, 74% used [0x9e1c0000,0x9f9b8798,0xa01e0000)
  from space 2688K, 99% used [0xa01e0000,0xa047efc0,0xa0480000)
  to   space 2688K, 0% used [0xa24a0000,0xa24a0000,0xa2740000)
 ParOldGen       total 43712K, used 1654K [0x73710000, 0x761c0000, 0x9e1c0000)
  object space 43712K, 3% used [0x73710000,0x738adbe8,0x761c0000)
 PSPermGen       total 16384K, used 11015K [0x6b710000, 0x6c710000, 0x73710000)
  object space 16384K, 67% used [0x6b710000,0x6c1d1eb8,0x6c710000)
GC Heap History (6 events):
Event: 0.616 GC heap before
{Heap before GC invocations=1 (full 0):
 PSYoungGen      total 19136K, used 16448K [0x9e1c0000, 0x9f710000, 0xb3710000)
  eden space 16448K, 100% used [0x9e1c0000,0x9f1d0000,0x9f1d0000)
  from space 2688K, 0% used [0x9f470000,0x9f470000,0x9f710000)
  to   space 2688K, 0% used [0x9f1d0000,0x9f1d0000,0x9f470000)
 ParOldGen       total 43712K, used 0K [0x73710000, 0x761c0000, 0x9e1c0000)
  object space 43712K, 0% used [0x73710000,0x73710000,0x761c0000)
 PSPermGen       total 16384K, used 5773K [0x6b710000, 0x6c710000, 0x73710000)
  object space 16384K, 35% used [0x6b710000,0x6bcb3488,0x6c710000)
Event: 0.622 GC heap after
Heap after GC invocations=1 (full 0):
 PSYoungGen      total 19136K, used 2558K [0x9e1c0000, 0xa0720000, 0xb3710000)
  eden space 16448K, 0% used [0x9e1c0000,0x9e1c0000,0x9f1d0000)
  from space 2688K, 95% used [0x9f1d0000,0x9f44f860,0x9f470000)
  to   space 2688K, 0% used [0xa0480000,0xa0480000,0xa0720000)
 ParOldGen       total 43712K, used 68K [0x73710000, 0x761c0000, 0x9e1c0000)
  object space 43712K, 0% used [0x73710000,0x73721010,0x761c0000)
 PSPermGen       total 16384K, used 5773K [0x6b710000, 0x6c710000, 0x73710000)
  object space 16384K, 35% used [0x6b710000,0x6bcb3488,0x6c710000)
}
Event: 1.415 GC heap before
{Heap before GC invocations=2 (full 0):
 PSYoungGen      total 19136K, used 19006K [0x9e1c0000, 0xa0720000, 0xb3710000)
  eden space 16448K, 100% used [0x9e1c0000,0x9f1d0000,0x9f1d0000)
  from space 2688K, 95% used [0x9f1d0000,0x9f44f860,0x9f470000)
  to   space 2688K, 0% used [0xa0480000,0xa0480000,0xa0720000)
 ParOldGen       total 43712K, used 68K [0x73710000, 0x761c0000, 0x9e1c0000)
  object space 43712K, 0% used [0x73710000,0x73721010,0x761c0000)
 PSPermGen       total 16384K, used 8492K [0x6b710000, 0x6c710000, 0x73710000)
  object space 16384K, 51% used [0x6b710000,0x6bf5b288,0x6c710000)
Event: 1.424 GC heap after
Heap after GC invocations=2 (full 0):
 PSYoungGen      total 35584K, used 2674K [0x9e1c0000, 0xa0720000, 0xb3710000)
  eden space 32896K, 0% used [0x9e1c0000,0x9e1c0000,0xa01e0000)
  from space 2688K, 99% used [0xa0480000,0xa071c9f8,0xa0720000)
  to   space 2688K, 0% used [0xa01e0000,0xa01e0000,0xa0480000)
 ParOldGen       total 43712K, used 429K [0x73710000, 0x761c0000, 0x9e1c0000)
  object space 43712K, 0% used [0x73710000,0x7377b6c8,0x761c0000)
 PSPermGen       total 16384K, used 8492K [0x6b710000, 0x6c710000, 0x73710000)
  object space 16384K, 51% used [0x6b710000,0x6bf5b288,0x6c710000)
}
Event: 2.428 GC heap before
{Heap before GC invocations=3 (full 0):
 PSYoungGen      total 35584K, used 35570K [0x9e1c0000, 0xa0720000, 0xb3710000)
  eden space 32896K, 100% used [0x9e1c0000,0xa01e0000,0xa01e0000)
  from space 2688K, 99% used [0xa0480000,0xa071c9f8,0xa0720000)
  to   space 2688K, 0% used [0xa01e0000,0xa01e0000,0xa0480000)
 ParOldGen       total 43712K, used 429K [0x73710000, 0x761c0000, 0x9e1c0000)
  object space 43712K, 0% used [0x73710000,0x7377b6c8,0x761c0000)
 PSPermGen       total 16384K, used 10882K [0x6b710000, 0x6c710000, 0x73710000)
  object space 16384K, 66% used [0x6b710000,0x6c1b0b08,0x6c710000)
Event: 2.439 GC heap after
Heap after GC invocations=3 (full 0):
 PSYoungGen      total 35584K, used 2683K [0x9e1c0000, 0xa2740000, 0xb3710000)
  eden space 32896K, 0% used [0x9e1c0000,0x9e1c0000,0xa01e0000)
  from space 2688K, 99% used [0xa01e0000,0xa047efc0,0xa0480000)
  to   space 2688K, 0% used [0xa24a0000,0xa24a0000,0xa2740000)
 ParOldGen       total 43712K, used 1654K [0x73710000, 0x761c0000, 0x9e1c0000)
  object space 43712K, 3% used [0x73710000,0x738adbe8,0x761c0000)
 PSPermGen       total 16384K, used 10882K [0x6b710000, 0x6c710000, 0x73710000)
  object space 16384K, 66% used [0x6b710000,0x6c1b0b08,0x6c710000)
}

