# JRE version: 7.0_06
# Java VM: OpenJDK Server VM (23.2-b09 mixed mode linux-x86 )
Heap
 PSYoungGen      total 137344K, used 109018K [0x9dfa0000, 0xa6be0000, 0xb34f0000)
  eden space 131584K, 80% used [0x9dfa0000,0xa467d078,0xa6020000)
  from space 5760K, 63% used [0xa6640000,0xa69d9990,0xa6be0000)
  to   space 6016K, 0% used [0xa6020000,0xa6020000,0xa6600000)
 ParOldGen       total 43712K, used 9310K [0x734f0000, 0x75fa0000, 0x9dfa0000)
  object space 43712K, 21% used [0x734f0000,0x73e079d8,0x75fa0000)
 PSPermGen       total 16384K, used 12093K [0x6b4f0000, 0x6c4f0000, 0x734f0000)
  object space 16384K, 73% used [0x6b4f0000,0x6c0bf4a0,0x6c4f0000)
GC Heap History (10 events):
Event: 2.157 GC heap before
{Heap before GC invocations=4 (full 0):
 PSYoungGen      total 19136K, used 19127K [0x9dfa0000, 0xa0500000, 0xb34f0000)
  eden space 16448K, 100% used [0x9dfa0000,0x9efb0000,0x9efb0000)
  from space 2688K, 99% used [0x9efb0000,0x9f24dd20,0x9f250000)
  to   space 2688K, 0% used [0xa0260000,0xa0260000,0xa0500000)
 ParOldGen       total 43712K, used 1266K [0x734f0000, 0x75fa0000, 0x9dfa0000)
  object space 43712K, 2% used [0x734f0000,0x7362cb88,0x75fa0000)
 PSPermGen       total 16384K, used 11296K [0x6b4f0000, 0x6c4f0000, 0x734f0000)
  object space 16384K, 68% used [0x6b4f0000,0x6bff8160,0x6c4f0000)
Event: 2.167 GC heap after
Heap after GC invocations=4 (full 0):
 PSYoungGen      total 35584K, used 2685K [0x9dfa0000, 0xa0500000, 0xb34f0000)
  eden space 32896K, 0% used [0x9dfa0000,0x9dfa0000,0x9ffc0000)
  from space 2688K, 99% used [0xa0260000,0xa04ff6b0,0xa0500000)
  to   space 2688K, 0% used [0x9ffc0000,0x9ffc0000,0xa0260000)
 ParOldGen       total 43712K, used 3143K [0x734f0000, 0x75fa0000, 0x9dfa0000)
  object space 43712K, 7% used [0x734f0000,0x73801db8,0x75fa0000)
 PSPermGen       total 16384K, used 11296K [0x6b4f0000, 0x6c4f0000, 0x734f0000)
  object space 16384K, 68% used [0x6b4f0000,0x6bff8160,0x6c4f0000)
}
Event: 2.696 GC heap before
{Heap before GC invocations=5 (full 0):
 PSYoungGen      total 35584K, used 35581K [0x9dfa0000, 0xa0500000, 0xb34f0000)
  eden space 32896K, 100% used [0x9dfa0000,0x9ffc0000,0x9ffc0000)
  from space 2688K, 99% used [0xa0260000,0xa04ff6b0,0xa0500000)
  to   space 2688K, 0% used [0x9ffc0000,0x9ffc0000,0xa0260000)
 ParOldGen       total 43712K, used 3143K [0x734f0000, 0x75fa0000, 0x9dfa0000)
  object space 43712K, 7% used [0x734f0000,0x73801db8,0x75fa0000)
 PSPermGen       total 16384K, used 11755K [0x6b4f0000, 0x6c4f0000, 0x734f0000)
  object space 16384K, 71% used [0x6b4f0000,0x6c06ada8,0x6c4f0000)
Event: 2.711 GC heap after
Heap after GC invocations=5 (full 0):
 PSYoungGen      total 35584K, used 2675K [0x9dfa0000, 0xa2d20000, 0xb34f0000)
  eden space 32896K, 0% used [0x9dfa0000,0x9dfa0000,0x9ffc0000)
  from space 2688K, 99% used [0x9ffc0000,0xa025cd58,0xa0260000)
  to   space 6784K, 0% used [0xa2680000,0xa2680000,0xa2d20000)
 ParOldGen       total 43712K, used 7131K [0x734f0000, 0x75fa0000, 0x9dfa0000)
  object space 43712K, 16% used [0x734f0000,0x73be6d60,0x75fa0000)
 PSPermGen       total 16384K, used 11755K [0x6b4f0000, 0x6c4f0000, 0x734f0000)
  object space 16384K, 71% used [0x6b4f0000,0x6c06ada8,0x6c4f0000)
}
Event: 3.065 GC heap before
{Heap before GC invocations=6 (full 0):
 PSYoungGen      total 35584K, used 35571K [0x9dfa0000, 0xa2d20000, 0xb34f0000)
  eden space 32896K, 100% used [0x9dfa0000,0x9ffc0000,0x9ffc0000)
  from space 2688K, 99% used [0x9ffc0000,0xa025cd58,0xa0260000)
  to   space 6784K, 0% used [0xa2680000,0xa2680000,0xa2d20000)
 ParOldGen       total 43712K, used 7131K [0x734f0000, 0x75fa0000, 0x9dfa0000)
  object space 43712K, 16% used [0x734f0000,0x73be6d60,0x75fa0000)
 PSPermGen       total 16384K, used 11810K [0x6b4f0000, 0x6c4f0000, 0x734f0000)
  object space 16384K, 72% used [0x6b4f0000,0x6c078900,0x6c4f0000)
Event: 3.078 GC heap after
Heap after GC invocations=6 (full 0):
 PSYoungGen      total 71936K, used 3637K [0x9dfa0000, 0xa2c80000, 0xb34f0000)
  eden space 65792K, 0% used [0x9dfa0000,0x9dfa0000,0xa1fe0000)
  from space 6144K, 59% used [0xa2680000,0xa2a0d550,0xa2c80000)
  to   space 6464K, 0% used [0xa1fe0000,0xa1fe0000,0xa2630000)
 ParOldGen       total 43712K, used 7135K [0x734f0000, 0x75fa0000, 0x9dfa0000)
  object space 43712K, 16% used [0x734f0000,0x73be7d60,0x75fa0000)
 PSPermGen       total 16384K, used 11810K [0x6b4f0000, 0x6c4f0000, 0x734f0000)
  object space 16384K, 72% used [0x6b4f0000,0x6c078900,0x6c4f0000)
}
Event: 3.648 GC heap before
{Heap before GC invocations=7 (full 0):
 PSYoungGen      total 71936K, used 69429K [0x9dfa0000, 0xa2c80000, 0xb34f0000)
  eden space 65792K, 100% used [0x9dfa0000,0xa1fe0000,0xa1fe0000)
  from space 6144K, 59% used [0xa2680000,0xa2a0d550,0xa2c80000)
  to   space 6464K, 0% used [0xa1fe0000,0xa1fe0000,0xa2630000)
 ParOldGen       total 43712K, used 7135K [0x734f0000, 0x75fa0000, 0x9dfa0000)
  object space 43712K, 16% used [0x734f0000,0x73be7d60,0x75fa0000)
 PSPermGen       total 16384K, used 11915K [0x6b4f0000, 0x6c4f0000, 0x734f0000)
  object space 16384K, 72% used [0x6b4f0000,0x6c092f80,0x6c4f0000)
Event: 3.668 GC heap after
Heap after GC invocations=7 (full 0):
 PSYoungGen      total 72256K, used 3274K [0x9dfa0000, 0xa6c60000, 0xb34f0000)
  eden space 65792K, 0% used [0x9dfa0000,0x9dfa0000,0xa1fe0000)
  from space 6464K, 50% used [0xa1fe0000,0xa2312bf0,0xa2630000)
  to   space 6272K, 0% used [0xa6640000,0xa6640000,0xa6c60000)
 ParOldGen       total 43712K, used 8440K [0x734f0000, 0x75fa0000, 0x9dfa0000)
  object space 43712K, 19% used [0x734f0000,0x73d2e0c0,0x75fa0000)
 PSPermGen       total 16384K, used 11915K [0x6b4f0000, 0x6c4f0000, 0x734f0000)
  object space 16384K, 72% used [0x6b4f0000,0x6c092f80,0x6c4f0000)
}
Event: 4.216 GC heap before
{Heap before GC invocations=8 (full 0):
 PSYoungGen      total 72256K, used 69066K [0x9dfa0000, 0xa6c60000, 0xb34f0000)
  eden space 65792K, 100% used [0x9dfa0000,0xa1fe0000,0xa1fe0000)
  from space 6464K, 50% used [0xa1fe0000,0xa2312bf0,0xa2630000)
  to   space 6272K, 0% used [0xa6640000,0xa6640000,0xa6c60000)
 ParOldGen       total 43712K, used 8440K [0x734f0000, 0x75fa0000, 0x9dfa0000)
  object space 43712K, 19% used [0x734f0000,0x73d2e0c0,0x75fa0000)
 PSPermGen       total 16384K, used 11970K [0x6b4f0000, 0x6c4f0000, 0x734f0000)
  object space 16384K, 73% used [0x6b4f0000,0x6c0a0bf0,0x6c4f0000)
Event: 4.227 GC heap after
Heap after GC invocations=8 (full 0):
 PSYoungGen      total 137344K, used 3686K [0x9dfa0000, 0xa6be0000, 0xb34f0000)
  eden space 131584K, 0% used [0x9dfa0000,0x9dfa0000,0xa6020000)
  from space 5760K, 63% used [0xa6640000,0xa69d9990,0xa6be0000)
  to   space 6016K, 0% used [0xa6020000,0xa6020000,0xa6600000)
 ParOldGen       total 43712K, used 9310K [0x734f0000, 0x75fa0000, 0x9dfa0000)
  object space 43712K, 21% used [0x734f0000,0x73e079d8,0x75fa0000)
 PSPermGen       total 16384K, used 11970K [0x6b4f0000, 0x6c4f0000, 0x734f0000)
  object space 16384K, 73% used [0x6b4f0000,0x6c0a0bf0,0x6c4f0000)
}

