# JRE version: 7.0_06
# Java VM: OpenJDK Server VM (23.2-b09 mixed mode linux-x86 )
Heap
 PSYoungGen      total 143744K, used 135981K [0x9e1c0000, 0xa7b40000, 0xb3710000)
  eden space 131584K, 99% used [0x9e1c0000,0xa622baa0,0xa6240000)
  from space 12160K, 36% used [0xa6f60000,0xa73bfcb8,0xa7b40000)
  to   space 12800K, 0% used [0xa6240000,0xa6240000,0xa6ec0000)
 ParOldGen       total 43712K, used 18950K [0x73710000, 0x761c0000, 0x9e1c0000)
  object space 43712K, 43% used [0x73710000,0x74991ae0,0x761c0000)
 PSPermGen       total 16384K, used 11927K [0x6b710000, 0x6c710000, 0x73710000)
  object space 16384K, 72% used [0x6b710000,0x6c2b5dd8,0x6c710000)
GC Heap History (10 events):
Event: 1.128 GC heap before
{Heap before GC invocations=2 (full 0):
 PSYoungGen      total 19136K, used 19004K [0x9e1c0000, 0xa0720000, 0xb3710000)
  eden space 16448K, 100% used [0x9e1c0000,0x9f1d0000,0x9f1d0000)
  from space 2688K, 95% used [0x9f1d0000,0x9f44f068,0x9f470000)
  to   space 2688K, 0% used [0xa0480000,0xa0480000,0xa0720000)
 ParOldGen       total 43712K, used 68K [0x73710000, 0x761c0000, 0x9e1c0000)
  object space 43712K, 0% used [0x73710000,0x73721010,0x761c0000)
 PSPermGen       total 16384K, used 8687K [0x6b710000, 0x6c710000, 0x73710000)
  object space 16384K, 53% used [0x6b710000,0x6bf8bd20,0x6c710000)
Event: 1.136 GC heap after
Heap after GC invocations=2 (full 0):
 PSYoungGen      total 35584K, used 2683K [0x9e1c0000, 0xa0720000, 0xb3710000)
  eden space 32896K, 0% used [0x9e1c0000,0x9e1c0000,0xa01e0000)
  from space 2688K, 99% used [0xa0480000,0xa071eeb8,0xa0720000)
  to   space 2688K, 0% used [0xa01e0000,0xa01e0000,0xa0480000)
 ParOldGen       total 43712K, used 443K [0x73710000, 0x761c0000, 0x9e1c0000)
  object space 43712K, 1% used [0x73710000,0x7377ecd0,0x761c0000)
 PSPermGen       total 16384K, used 8687K [0x6b710000, 0x6c710000, 0x73710000)
  object space 16384K, 53% used [0x6b710000,0x6bf8bd20,0x6c710000)
}
Event: 2.426 GC heap before
{Heap before GC invocations=3 (full 0):
 PSYoungGen      total 35584K, used 35579K [0x9e1c0000, 0xa0720000, 0xb3710000)
  eden space 32896K, 100% used [0x9e1c0000,0xa01e0000,0xa01e0000)
  from space 2688K, 99% used [0xa0480000,0xa071eeb8,0xa0720000)
  to   space 2688K, 0% used [0xa01e0000,0xa01e0000,0xa0480000)
 ParOldGen       total 43712K, used 443K [0x73710000, 0x761c0000, 0x9e1c0000)
  object space 43712K, 1% used [0x73710000,0x7377ecd0,0x761c0000)
 PSPermGen       total 16384K, used 11169K [0x6b710000, 0x6c710000, 0x73710000)
  object space 16384K, 68% used [0x6b710000,0x6c1f8408,0x6c710000)
Event: 2.444 GC heap after
Heap after GC invocations=3 (full 0):
 PSYoungGen      total 35584K, used 2681K [0x9e1c0000, 0xa2740000, 0xb3710000)
  eden space 32896K, 0% used [0x9e1c0000,0x9e1c0000,0xa01e0000)
  from space 2688K, 99% used [0xa01e0000,0xa047e7a0,0xa0480000)
  to   space 2688K, 0% used [0xa24a0000,0xa24a0000,0xa2740000)
 ParOldGen       total 43712K, used 4136K [0x73710000, 0x761c0000, 0x9e1c0000)
  object space 43712K, 9% used [0x73710000,0x73b1a100,0x761c0000)
 PSPermGen       total 16384K, used 11169K [0x6b710000, 0x6c710000, 0x73710000)
  object space 16384K, 68% used [0x6b710000,0x6c1f8408,0x6c710000)
}
Event: 3.160 GC heap before
{Heap before GC invocations=4 (full 0):
 PSYoungGen      total 35584K, used 35577K [0x9e1c0000, 0xa2740000, 0xb3710000)
  eden space 32896K, 100% used [0x9e1c0000,0xa01e0000,0xa01e0000)
  from space 2688K, 99% used [0xa01e0000,0xa047e7a0,0xa0480000)
  to   space 2688K, 0% used [0xa24a0000,0xa24a0000,0xa2740000)
 ParOldGen       total 43712K, used 4136K [0x73710000, 0x761c0000, 0x9e1c0000)
  object space 43712K, 9% used [0x73710000,0x73b1a100,0x761c0000)
 PSPermGen       total 16384K, used 11604K [0x6b710000, 0x6c710000, 0x73710000)
  object space 16384K, 70% used [0x6b710000,0x6c265190,0x6c710000)
Event: 3.176 GC heap after
Heap after GC invocations=4 (full 0):
 PSYoungGen      total 68480K, used 2675K [0x9e1c0000, 0xa2740000, 0xb3710000)
  eden space 65792K, 0% used [0x9e1c0000,0x9e1c0000,0xa2200000)
  from space 2688K, 99% used [0xa24a0000,0xa273cd88,0xa2740000)
  to   space 2688K, 0% used [0xa2200000,0xa2200000,0xa24a0000)
 ParOldGen       total 43712K, used 8240K [0x73710000, 0x761c0000, 0x9e1c0000)
  object space 43712K, 18% used [0x73710000,0x73f1c3e0,0x761c0000)
 PSPermGen       total 16384K, used 11604K [0x6b710000, 0x6c710000, 0x73710000)
  object space 16384K, 70% used [0x6b710000,0x6c265190,0x6c710000)
}
Event: 3.790 GC heap before
{Heap before GC invocations=5 (full 0):
 PSYoungGen      total 68480K, used 68467K [0x9e1c0000, 0xa2740000, 0xb3710000)
  eden space 65792K, 100% used [0x9e1c0000,0xa2200000,0xa2200000)
  from space 2688K, 99% used [0xa24a0000,0xa273cd88,0xa2740000)
  to   space 2688K, 0% used [0xa2200000,0xa2200000,0xa24a0000)
 ParOldGen       total 43712K, used 8240K [0x73710000, 0x761c0000, 0x9e1c0000)
  object space 43712K, 18% used [0x73710000,0x73f1c3e0,0x761c0000)
 PSPermGen       total 16384K, used 11731K [0x6b710000, 0x6c710000, 0x73710000)
  object space 16384K, 71% used [0x6b710000,0x6c284cb0,0x6c710000)
Event: 3.826 GC heap after
Heap after GC invocations=5 (full 0):
 PSYoungGen      total 68480K, used 2672K [0x9e1c0000, 0xa7c80000, 0xb3710000)
  eden space 65792K, 0% used [0x9e1c0000,0x9e1c0000,0xa2200000)
  from space 2688K, 99% used [0xa2200000,0xa249c2b8,0xa24a0000)
  to   space 13440K, 0% used [0xa6f60000,0xa6f60000,0xa7c80000)
 ParOldGen       total 43712K, used 18950K [0x73710000, 0x761c0000, 0x9e1c0000)
  object space 43712K, 43% used [0x73710000,0x74991ae0,0x761c0000)
 PSPermGen       total 16384K, used 11731K [0x6b710000, 0x6c710000, 0x73710000)
  object space 16384K, 71% used [0x6b710000,0x6c284cb0,0x6c710000)
}
Event: 4.363 GC heap before
{Heap before GC invocations=6 (full 0):
 PSYoungGen      total 68480K, used 68464K [0x9e1c0000, 0xa7c80000, 0xb3710000)
  eden space 65792K, 100% used [0x9e1c0000,0xa2200000,0xa2200000)
  from space 2688K, 99% used [0xa2200000,0xa249c2b8,0xa24a0000)
  to   space 13440K, 0% used [0xa6f60000,0xa6f60000,0xa7c80000)
 ParOldGen       total 43712K, used 18950K [0x73710000, 0x761c0000, 0x9e1c0000)
  object space 43712K, 43% used [0x73710000,0x74991ae0,0x761c0000)
 PSPermGen       total 16384K, used 11805K [0x6b710000, 0x6c710000, 0x73710000)
  object space 16384K, 72% used [0x6b710000,0x6c2974f0,0x6c710000)
Event: 4.389 GC heap after
Heap after GC invocations=6 (full 0):
 PSYoungGen      total 143744K, used 4479K [0x9e1c0000, 0xa7b40000, 0xb3710000)
  eden space 131584K, 0% used [0x9e1c0000,0x9e1c0000,0xa6240000)
  from space 12160K, 36% used [0xa6f60000,0xa73bfcb8,0xa7b40000)
  to   space 12800K, 0% used [0xa6240000,0xa6240000,0xa6ec0000)
 ParOldGen       total 43712K, used 18950K [0x73710000, 0x761c0000, 0x9e1c0000)
  object space 43712K, 43% used [0x73710000,0x74991ae0,0x761c0000)
 PSPermGen       total 16384K, used 11805K [0x6b710000, 0x6c710000, 0x73710000)
  object space 16384K, 72% used [0x6b710000,0x6c2974f0,0x6c710000)
}

