# JRE version: 7.0_06
# Java VM: OpenJDK Server VM (23.2-b09 mixed mode linux-x86 )
Heap
 PSYoungGen      total 35584K, used 27879K [0x9e1b0000, 0xa2730000, 0xb3700000)
  eden space 32896K, 76% used [0x9e1b0000,0x9fa4d208,0xa01d0000)
  from space 2688K, 99% used [0xa01d0000,0xa046cd68,0xa0470000)
  to   space 2688K, 0% used [0xa2490000,0xa2490000,0xa2730000)
 ParOldGen       total 43712K, used 1744K [0x73700000, 0x761b0000, 0x9e1b0000)
  object space 43712K, 3% used [0x73700000,0x738b4028,0x761b0000)
 PSPermGen       total 16384K, used 11015K [0x6b700000, 0x6c700000, 0x73700000)
  object space 16384K, 67% used [0x6b700000,0x6c1c1e48,0x6c700000)
GC Heap History (6 events):
Event: 0.862 GC heap before
{Heap before GC invocations=1 (full 0):
 PSYoungGen      total 19136K, used 16448K [0x9e1b0000, 0x9f700000, 0xb3700000)
  eden space 16448K, 100% used [0x9e1b0000,0x9f1c0000,0x9f1c0000)
  from space 2688K, 0% used [0x9f460000,0x9f460000,0x9f700000)
  to   space 2688K, 0% used [0x9f1c0000,0x9f1c0000,0x9f460000)
 ParOldGen       total 43712K, used 0K [0x73700000, 0x761b0000, 0x9e1b0000)
  object space 43712K, 0% used [0x73700000,0x73700000,0x761b0000)
 PSPermGen       total 16384K, used 5773K [0x6b700000, 0x6c700000, 0x73700000)
  object space 16384K, 35% used [0x6b700000,0x6bca3580,0x6c700000)
Event: 0.872 GC heap after
Heap after GC invocations=1 (full 0):
 PSYoungGen      total 19136K, used 2565K [0x9e1b0000, 0xa0710000, 0xb3700000)
  eden space 16448K, 0% used [0x9e1b0000,0x9e1b0000,0x9f1c0000)
  from space 2688K, 95% used [0x9f1c0000,0x9f441560,0x9f460000)
  to   space 2688K, 0% used [0xa0470000,0xa0470000,0xa0710000)
 ParOldGen       total 43712K, used 68K [0x73700000, 0x761b0000, 0x9e1b0000)
  object space 43712K, 0% used [0x73700000,0x73711010,0x761b0000)
 PSPermGen       total 16384K, used 5773K [0x6b700000, 0x6c700000, 0x73700000)
  object space 16384K, 35% used [0x6b700000,0x6bca3580,0x6c700000)
}
Event: 1.539 GC heap before
{Heap before GC invocations=2 (full 0):
 PSYoungGen      total 19136K, used 19013K [0x9e1b0000, 0xa0710000, 0xb3700000)
  eden space 16448K, 100% used [0x9e1b0000,0x9f1c0000,0x9f1c0000)
  from space 2688K, 95% used [0x9f1c0000,0x9f441560,0x9f460000)
  to   space 2688K, 0% used [0xa0470000,0xa0470000,0xa0710000)
 ParOldGen       total 43712K, used 68K [0x73700000, 0x761b0000, 0x9e1b0000)
  object space 43712K, 0% used [0x73700000,0x73711010,0x761b0000)
 PSPermGen       total 16384K, used 8493K [0x6b700000, 0x6c700000, 0x73700000)
  object space 16384K, 51% used [0x6b700000,0x6bf4b458,0x6c700000)
Event: 1.548 GC heap after
Heap after GC invocations=2 (full 0):
 PSYoungGen      total 35584K, used 2677K [0x9e1b0000, 0xa0710000, 0xb3700000)
  eden space 32896K, 0% used [0x9e1b0000,0x9e1b0000,0xa01d0000)
  from space 2688K, 99% used [0xa0470000,0xa070d728,0xa0710000)
  to   space 2688K, 0% used [0xa01d0000,0xa01d0000,0xa0470000)
 ParOldGen       total 43712K, used 429K [0x73700000, 0x761b0000, 0x9e1b0000)
  object space 43712K, 0% used [0x73700000,0x7376b6c8,0x761b0000)
 PSPermGen       total 16384K, used 8493K [0x6b700000, 0x6c700000, 0x73700000)
  object space 16384K, 51% used [0x6b700000,0x6bf4b458,0x6c700000)
}
Event: 2.577 GC heap before
{Heap before GC invocations=3 (full 0):
 PSYoungGen      total 35584K, used 35573K [0x9e1b0000, 0xa0710000, 0xb3700000)
  eden space 32896K, 100% used [0x9e1b0000,0xa01d0000,0xa01d0000)
  from space 2688K, 99% used [0xa0470000,0xa070d728,0xa0710000)
  to   space 2688K, 0% used [0xa01d0000,0xa01d0000,0xa0470000)
 ParOldGen       total 43712K, used 429K [0x73700000, 0x761b0000, 0x9e1b0000)
  object space 43712K, 0% used [0x73700000,0x7376b6c8,0x761b0000)
 PSPermGen       total 16384K, used 10882K [0x6b700000, 0x6c700000, 0x73700000)
  object space 16384K, 66% used [0x6b700000,0x6c1a0ba0,0x6c700000)
Event: 2.588 GC heap after
Heap after GC invocations=3 (full 0):
 PSYoungGen      total 35584K, used 2675K [0x9e1b0000, 0xa2730000, 0xb3700000)
  eden space 32896K, 0% used [0x9e1b0000,0x9e1b0000,0xa01d0000)
  from space 2688K, 99% used [0xa01d0000,0xa046cd68,0xa0470000)
  to   space 2688K, 0% used [0xa2490000,0xa2490000,0xa2730000)
 ParOldGen       total 43712K, used 1744K [0x73700000, 0x761b0000, 0x9e1b0000)
  object space 43712K, 3% used [0x73700000,0x738b4028,0x761b0000)
 PSPermGen       total 16384K, used 10882K [0x6b700000, 0x6c700000, 0x73700000)
  object space 16384K, 66% used [0x6b700000,0x6c1a0ba0,0x6c700000)
}

