# JRE version: 7.0_06
# Java VM: OpenJDK Server VM (23.2-b09 mixed mode linux-x86 )
Heap
 PSYoungGen      total 35328K, used 33539K [0x9e1a0000, 0xa0700000, 0xb36f0000)
  eden space 32640K, 94% used [0x9e1a0000,0x9ffc21d8,0xa0180000)
  from space 2688K, 99% used [0xa0180000,0xa041ea98,0xa0420000)
  to   space 2688K, 0% used [0xa0460000,0xa0460000,0xa0700000)
 ParOldGen       total 43712K, used 528K [0x736f0000, 0x761a0000, 0x9e1a0000)
  object space 43712K, 1% used [0x736f0000,0x737742d8,0x761a0000)
 PSPermGen       total 16384K, used 11523K [0x6b6f0000, 0x6c6f0000, 0x736f0000)
  object space 16384K, 70% used [0x6b6f0000,0x6c230d38,0x6c6f0000)
GC Heap History (6 events):
Event: 0.481 GC heap before
{Heap before GC invocations=1 (full 0):
 PSYoungGen      total 19136K, used 16448K [0x9e1a0000, 0x9f6f0000, 0xb36f0000)
  eden space 16448K, 100% used [0x9e1a0000,0x9f1b0000,0x9f1b0000)
  from space 2688K, 0% used [0x9f450000,0x9f450000,0x9f6f0000)
  to   space 2688K, 0% used [0x9f1b0000,0x9f1b0000,0x9f450000)
 ParOldGen       total 43712K, used 0K [0x736f0000, 0x761a0000, 0x9e1a0000)
  object space 43712K, 0% used [0x736f0000,0x736f0000,0x761a0000)
 PSPermGen       total 16384K, used 4495K [0x6b6f0000, 0x6c6f0000, 0x736f0000)
  object space 16384K, 27% used [0x6b6f0000,0x6bb53c40,0x6c6f0000)
Event: 0.487 GC heap after
Heap after GC invocations=1 (full 0):
 PSYoungGen      total 19136K, used 1781K [0x9e1a0000, 0xa0700000, 0xb36f0000)
  eden space 16448K, 0% used [0x9e1a0000,0x9e1a0000,0x9f1b0000)
  from space 2688K, 66% used [0x9f1b0000,0x9f36d438,0x9f450000)
  to   space 2688K, 0% used [0xa0460000,0xa0460000,0xa0700000)
 ParOldGen       total 43712K, used 4K [0x736f0000, 0x761a0000, 0x9e1a0000)
  object space 43712K, 0% used [0x736f0000,0x736f1000,0x761a0000)
 PSPermGen       total 16384K, used 4495K [0x6b6f0000, 0x6c6f0000, 0x736f0000)
  object space 16384K, 27% used [0x6b6f0000,0x6bb53c40,0x6c6f0000)
}
Event: 13.522 GC heap before
{Heap before GC invocations=2 (full 0):
 PSYoungGen      total 19136K, used 18039K [0x9e1a0000, 0xa0700000, 0xb36f0000)
  eden space 16448K, 98% used [0x9e1a0000,0x9f180a08,0x9f1b0000)
  from space 2688K, 66% used [0x9f1b0000,0x9f36d438,0x9f450000)
  to   space 2688K, 0% used [0xa0460000,0xa0460000,0xa0700000)
 ParOldGen       total 43712K, used 4K [0x736f0000, 0x761a0000, 0x9e1a0000)
  object space 43712K, 0% used [0x736f0000,0x736f1000,0x761a0000)
 PSPermGen       total 16384K, used 6640K [0x6b6f0000, 0x6c6f0000, 0x736f0000)
  object space 16384K, 40% used [0x6b6f0000,0x6bd6c1f8,0x6c6f0000)
Event: 13.529 GC heap after
Heap after GC invocations=2 (full 0):
 PSYoungGen      total 18880K, used 2416K [0x9e1a0000, 0xa06c0000, 0xb36f0000)
  eden space 16448K, 0% used [0x9e1a0000,0x9e1a0000,0x9f1b0000)
  from space 2432K, 99% used [0xa0460000,0xa06bc168,0xa06c0000)
  to   space 2688K, 0% used [0xa0180000,0xa0180000,0xa0420000)
 ParOldGen       total 43712K, used 8K [0x736f0000, 0x761a0000, 0x9e1a0000)
  object space 43712K, 0% used [0x736f0000,0x736f2000,0x761a0000)
 PSPermGen       total 16384K, used 6640K [0x6b6f0000, 0x6c6f0000, 0x736f0000)
  object space 16384K, 40% used [0x6b6f0000,0x6bd6c1f8,0x6c6f0000)
}
Event: 14.109 GC heap before
{Heap before GC invocations=3 (full 0):
 PSYoungGen      total 18880K, used 18864K [0x9e1a0000, 0xa06c0000, 0xb36f0000)
  eden space 16448K, 100% used [0x9e1a0000,0x9f1b0000,0x9f1b0000)
  from space 2432K, 99% used [0xa0460000,0xa06bc168,0xa06c0000)
  to   space 2688K, 0% used [0xa0180000,0xa0180000,0xa0420000)
 ParOldGen       total 43712K, used 8K [0x736f0000, 0x761a0000, 0x9e1a0000)
  object space 43712K, 0% used [0x736f0000,0x736f2000,0x761a0000)
 PSPermGen       total 16384K, used 9238K [0x6b6f0000, 0x6c6f0000, 0x736f0000)
  object space 16384K, 56% used [0x6b6f0000,0x6bff5ac0,0x6c6f0000)
Event: 14.121 GC heap after
Heap after GC invocations=3 (full 0):
 PSYoungGen      total 35328K, used 2682K [0x9e1a0000, 0xa0700000, 0xb36f0000)
  eden space 32640K, 0% used [0x9e1a0000,0x9e1a0000,0xa0180000)
  from space 2688K, 99% used [0xa0180000,0xa041ea98,0xa0420000)
  to   space 2688K, 0% used [0xa0460000,0xa0460000,0xa0700000)
 ParOldGen       total 43712K, used 528K [0x736f0000, 0x761a0000, 0x9e1a0000)
  object space 43712K, 1% used [0x736f0000,0x737742d8,0x761a0000)
 PSPermGen       total 16384K, used 9238K [0x6b6f0000, 0x6c6f0000, 0x736f0000)
  object space 16384K, 56% used [0x6b6f0000,0x6bff5ac0,0x6c6f0000)
}

