# JRE version: 7.0_06
# Java VM: OpenJDK Server VM (23.2-b09 mixed mode linux-x86 )
Heap
 PSYoungGen      total 19136K, used 16346K [0x9e1c0000, 0x9f710000, 0xb3710000)
  eden space 16448K, 83% used [0x9e1c0000,0x9ef173d8,0x9f1d0000)
  from space 2688K, 99% used [0x9f470000,0x9f70f6b0,0x9f710000)
  to   space 2688K, 0% used [0x9f1d0000,0x9f1d0000,0x9f470000)
 ParOldGen       total 43712K, used 1600K [0x73710000, 0x761c0000, 0x9e1c0000)
  object space 43712K, 3% used [0x73710000,0x738a0020,0x761c0000)
 PSPermGen       total 16384K, used 11523K [0x6b710000, 0x6c710000, 0x73710000)
  object space 16384K, 70% used [0x6b710000,0x6c250e50,0x6c710000)
GC Heap History (8 events):
Event: 0.620 GC heap before
{Heap before GC invocations=1 (full 0):
 PSYoungGen      total 19136K, used 16448K [0x9e1c0000, 0x9f710000, 0xb3710000)
  eden space 16448K, 100% used [0x9e1c0000,0x9f1d0000,0x9f1d0000)
  from space 2688K, 0% used [0x9f470000,0x9f470000,0x9f710000)
  to   space 2688K, 0% used [0x9f1d0000,0x9f1d0000,0x9f470000)
 ParOldGen       total 43712K, used 0K [0x73710000, 0x761c0000, 0x9e1c0000)
  object space 43712K, 0% used [0x73710000,0x73710000,0x761c0000)
 PSPermGen       total 16384K, used 4495K [0x6b710000, 0x6c710000, 0x73710000)
  object space 16384K, 27% used [0x6b710000,0x6bb73d38,0x6c710000)
Event: 0.625 GC heap after
Heap after GC invocations=1 (full 0):
 PSYoungGen      total 19136K, used 1755K [0x9e1c0000, 0x9f710000, 0xb3710000)
  eden space 16448K, 0% used [0x9e1c0000,0x9e1c0000,0x9f1d0000)
  from space 2688K, 65% used [0x9f1d0000,0x9f386d88,0x9f470000)
  to   space 2688K, 0% used [0x9f470000,0x9f470000,0x9f710000)
 ParOldGen       total 43712K, used 0K [0x73710000, 0x761c0000, 0x9e1c0000)
  object space 43712K, 0% used [0x73710000,0x73710000,0x761c0000)
 PSPermGen       total 16384K, used 4495K [0x6b710000, 0x6c710000, 0x73710000)
  object space 16384K, 27% used [0x6b710000,0x6bb73d38,0x6c710000)
}
Event: 14.844 GC heap before
{Heap before GC invocations=2 (full 0):
 PSYoungGen      total 19136K, used 18135K [0x9e1c0000, 0x9f710000, 0xb3710000)
  eden space 16448K, 99% used [0x9e1c0000,0x9f1beea8,0x9f1d0000)
  from space 2688K, 65% used [0x9f1d0000,0x9f386d88,0x9f470000)
  to   space 2688K, 0% used [0x9f470000,0x9f470000,0x9f710000)
 ParOldGen       total 43712K, used 0K [0x73710000, 0x761c0000, 0x9e1c0000)
  object space 43712K, 0% used [0x73710000,0x73710000,0x761c0000)
 PSPermGen       total 16384K, used 6732K [0x6b710000, 0x6c710000, 0x73710000)
  object space 16384K, 41% used [0x6b710000,0x6bda3188,0x6c710000)
Event: 14.850 GC heap after
Heap after GC invocations=2 (full 0):
 PSYoungGen      total 19136K, used 2274K [0x9e1c0000, 0x9f710000, 0xb3710000)
  eden space 16448K, 0% used [0x9e1c0000,0x9e1c0000,0x9f1d0000)
  from space 2688K, 84% used [0x9f470000,0x9f6a8a88,0x9f710000)
  to   space 2688K, 0% used [0x9f1d0000,0x9f1d0000,0x9f470000)
 ParOldGen       total 43712K, used 4K [0x73710000, 0x761c0000, 0x9e1c0000)
  object space 43712K, 0% used [0x73710000,0x73711000,0x761c0000)
 PSPermGen       total 16384K, used 6732K [0x6b710000, 0x6c710000, 0x73710000)
  object space 16384K, 41% used [0x6b710000,0x6bda3188,0x6c710000)
}
Event: 15.615 GC heap before
{Heap before GC invocations=3 (full 0):
 PSYoungGen      total 19136K, used 18722K [0x9e1c0000, 0x9f710000, 0xb3710000)
  eden space 16448K, 100% used [0x9e1c0000,0x9f1d0000,0x9f1d0000)
  from space 2688K, 84% used [0x9f470000,0x9f6a8a88,0x9f710000)
  to   space 2688K, 0% used [0x9f1d0000,0x9f1d0000,0x9f470000)
 ParOldGen       total 43712K, used 4K [0x73710000, 0x761c0000, 0x9e1c0000)
  object space 43712K, 0% used [0x73710000,0x73711000,0x761c0000)
 PSPermGen       total 16384K, used 9238K [0x6b710000, 0x6c710000, 0x73710000)
  object space 16384K, 56% used [0x6b710000,0x6c015ba8,0x6c710000)
Event: 15.623 GC heap after
Heap after GC invocations=3 (full 0):
 PSYoungGen      total 19136K, used 2680K [0x9e1c0000, 0x9f710000, 0xb3710000)
  eden space 16448K, 0% used [0x9e1c0000,0x9e1c0000,0x9f1d0000)
  from space 2688K, 99% used [0x9f1d0000,0x9f46e238,0x9f470000)
  to   space 2688K, 0% used [0x9f470000,0x9f470000,0x9f710000)
 ParOldGen       total 43712K, used 497K [0x73710000, 0x761c0000, 0x9e1c0000)
  object space 43712K, 1% used [0x73710000,0x7378c618,0x761c0000)
 PSPermGen       total 16384K, used 9238K [0x6b710000, 0x6c710000, 0x73710000)
  object space 16384K, 56% used [0x6b710000,0x6c015ba8,0x6c710000)
}
Event: 16.163 GC heap before
{Heap before GC invocations=4 (full 0):
 PSYoungGen      total 19136K, used 19128K [0x9e1c0000, 0x9f710000, 0xb3710000)
  eden space 16448K, 100% used [0x9e1c0000,0x9f1d0000,0x9f1d0000)
  from space 2688K, 99% used [0x9f1d0000,0x9f46e238,0x9f470000)
  to   space 2688K, 0% used [0x9f470000,0x9f470000,0x9f710000)
 ParOldGen       total 43712K, used 497K [0x73710000, 0x761c0000, 0x9e1c0000)
  object space 43712K, 1% used [0x73710000,0x7378c618,0x761c0000)
 PSPermGen       total 16384K, used 11020K [0x6b710000, 0x6c710000, 0x73710000)
  object space 16384K, 67% used [0x6b710000,0x6c1d3038,0x6c710000)
Event: 16.173 GC heap after
Heap after GC invocations=4 (full 0):
 PSYoungGen      total 19136K, used 2685K [0x9e1c0000, 0x9f710000, 0xb3710000)
  eden space 16448K, 0% used [0x9e1c0000,0x9e1c0000,0x9f1d0000)
  from space 2688K, 99% used [0x9f470000,0x9f70f6b0,0x9f710000)
  to   space 2688K, 0% used [0x9f1d0000,0x9f1d0000,0x9f470000)
 ParOldGen       total 43712K, used 1600K [0x73710000, 0x761c0000, 0x9e1c0000)
  object space 43712K, 3% used [0x73710000,0x738a0020,0x761c0000)
 PSPermGen       total 16384K, used 11020K [0x6b710000, 0x6c710000, 0x73710000)
  object space 16384K, 67% used [0x6b710000,0x6c1d3038,0x6c710000)
}

